[infosysss.netlify.app/index.html]
[infosysss.netlify.app/imgs/favicon.jpg]
[backblue.gif]
[fade.gif]
[index.html]
[cdn.jsdelivr.net/npm/locomotive-scroll@3.5.4/dist/locomotive-scroll.css]
[cdn.jsdelivr.net/npm/sheryjs/dist/Shery.css]
[cdn.jsdelivr.net/npm/remixicon@4.3.0/fonts/remixicon.css]
[cdn.jsdelivr.net/npm/locomotive-scroll@4.1.3/dist/locomotive-scroll.min.css]
[infosysss.netlify.app/style.css]
[infosysss.netlify.app/phone.css]
[infosysss.netlify.app/imgs/whiteLogo.png]
[infosysss.netlify.app/imgs/logo1.webp]
[infosysss.netlify.app/assets/hero.v2.mp4]
[infosysss.netlify.app/assets/f6.mp4]
[infosysss.netlify.app/assets/helix.mp4]
[infosysss.netlify.app/assets/triugolnik.mp4]
[infosysss.netlify.app/assets/ball.mp4]
[infosysss.netlify.app/assets/abstract.mp4]
[infosysss.netlify.app/imgs/service.jpg]
[infosysss.netlify.app/imgs/microsoft.png]
[infosysss.netlify.app/imgs/amazon.png]
[infosysss.netlify.app/imgs/veeam.png]
[infosysss.netlify.app/imgs/vmware.png]
[infosysss.netlify.app/imgs/aws.png]
[infosysss.netlify.app/imgs/azure.png]
[cdn.jsdelivr.net/npm/locomotive-scroll@3.5.4/dist/locomotive-scroll.js]
[cdnjs.cloudflare.com/ajax/libs/jquery/3.6.0/jquery.min.js]
[cdnjs.cloudflare.com/ajax/libs/gsap/3.12.5/gsap.min.js]
[cdnjs.cloudflare.com/ajax/libs/gsap/3.12.5/ScrollTrigger.min.js]
[cdn.jsdelivr.net/npm/locomotive-scroll@4.1.3/dist/locomotive-scroll.min.js]
[cdn.jsdelivr.net/npm/sheryjs/dist/Shery.js]
[cdn.jsdelivr.net/gh/automat/controlkit.js@master/bin/controlKit.min.js]
[ajax.googleapis.com/ajax/libs/jquery/3.7.1/jquery.min.js]
[cdnjs.cloudflare.com/ajax/libs/Counter-Up/1.0.0/jquery.counterup.min.js]
[cdnjs.cloudflare.com/ajax/libs/Counter-Up/1.0.0/jquery.counterup.js]
[cdnjs.cloudflare.com/ajax/libs/waypoints/4.0.1/jquery.waypoints.js]
[cdnjs.cloudflare.com/ajax/libs/waypoints/4.0.1/jquery.waypoints.min.js]
[cdnjs.cloudflare.com/ajax/libs/matter-js/0.18.0/matter.min.js]
[cdn.jsdelivr.net/npm/jquery.ripples@0.6.3/dist/jquery.ripples.min.js]
[infosysss.netlify.app/index.html]
[cdn.jsdelivr.net/npm/locomotive-scroll@3.5.4/dist/locomotive-scroll.css]
[cdn.jsdelivr.net/npm/sheryjs/dist/Shery.css]
[infosysss.netlify.app/script.js]
[cdn.jsdelivr.net/npm/remixicon@4.3.0/fonts/remixicon0c93.eot]
[cdn.jsdelivr.net/npm/remixicon@4.3.0/fonts/remixicon0c93.woff2]
[cdn.jsdelivr.net/npm/remixicon@4.3.0/fonts/remixicon0c93.woff]
[cdn.jsdelivr.net/npm/remixicon@4.3.0/fonts/remixicon0c93.ttf]
[cdn.jsdelivr.net/npm/remixicon@4.3.0/fonts/remixicon.css]
[cdn.jsdelivr.net/npm/locomotive-scroll@4.1.3/dist/locomotive-scroll.min.css]
[cdn.jsdelivr.net/npm/remixicon@4.3.0/fonts/remixicon0c93.svg]
[infosysss.netlify.app/fonts/Sequel.2c.delayed]
[infosysss.netlify.app/fonts/HelveticaNowDisplay-Regular.ttf]
[infosysss.netlify.app/fonts/HelveticaNowDisplay-Medium.ttf]
[infosysss.netlify.app/fonts/HelveticaNowDispBd.ttf]
[infosysss.netlify.app/fonts/HelveticaNowDispXbd.ttf]
[infosysss.netlify.app/style.css]
[infosysss.netlify.app/assets/f.mp4]
[infosysss.netlify.app/phone.css]
[infosysss.netlify.app/imgs/clutch.svg]
[infosysss.netlify.app/imgs/goodfirms.svg]
[cdn.jsdelivr.net/npm/remixicon@4.3.0/fonts/remixicon0c93.svg]
[infosysss.netlify.app/fonts/Sequel.html]
[infosysss.netlify.app/assets/f.mp4]
